c:\users\segfault\documents\github\chaselibrary\x64\release\chaselibrary.pch
c:\users\segfault\documents\github\chaselibrary\x64\release\vc143.pdb
c:\users\segfault\documents\github\chaselibrary\x64\release\chase.obj
c:\users\segfault\documents\github\chaselibrary\x64\release\dllmain.obj
c:\users\segfault\documents\github\chaselibrary\x64\release\enviorment.obj
c:\users\segfault\documents\github\chaselibrary\x64\release\human.obj
c:\users\segfault\documents\github\chaselibrary\x64\release\limb.obj
c:\users\segfault\documents\github\chaselibrary\x64\release\modifiers.obj
c:\users\segfault\documents\github\chaselibrary\x64\release\object.obj
c:\users\segfault\documents\github\chaselibrary\x64\release\pch.obj
c:\users\segfault\documents\github\chaselibrary\x64\release\threadmanager.obj
c:\users\segfault\documents\github\chaselibrary\x64\release\error.obj
c:\users\segfault\documents\github\chase\x64\release\chaselibrary.lib
c:\users\segfault\documents\github\chase\x64\release\chaselibrary.exp
c:\users\segfault\documents\github\chase\x64\release\chaselibrary.ipdb
c:\users\segfault\documents\github\chase\x64\release\chaselibrary.iobj
c:\users\segfault\documents\github\chaselibrary\x64\release\chaselibrary.lib
c:\users\segfault\documents\github\chaselibrary\x64\release\chaselibrary.exp
c:\users\segfault\documents\github\chaselibrary\x64\release\chaselibrary.ipdb
c:\users\segfault\documents\github\chaselibrary\x64\release\chaselibrary.iobj
c:\users\segfault\documents\github\chaselibrary\x64\release\chaselibrary.pdb
c:\users\segfault\documents\github\chaselibrary\x64\release\chaselibrary.tlog\cl.command.1.tlog
c:\users\segfault\documents\github\chaselibrary\x64\release\chaselibrary.tlog\cl.items.tlog
c:\users\segfault\documents\github\chaselibrary\x64\release\chaselibrary.tlog\cl.read.1.tlog
c:\users\segfault\documents\github\chaselibrary\x64\release\chaselibrary.tlog\cl.write.1.tlog
c:\users\segfault\documents\github\chaselibrary\x64\release\chaselibrary.tlog\link.command.1.tlog
c:\users\segfault\documents\github\chaselibrary\x64\release\chaselibrary.tlog\link.delete.1.tlog
c:\users\segfault\documents\github\chaselibrary\x64\release\chaselibrary.tlog\link.read.1.tlog
c:\users\segfault\documents\github\chaselibrary\x64\release\chaselibrary.tlog\link.write.1.tlog
