d:\msys2\home\andre\chaselibrary\x64\debug\chaselibrary.pch
d:\msys2\home\andre\chaselibrary\x64\debug\vc143.pdb
d:\msys2\home\andre\chaselibrary\x64\debug\vc143.idb
d:\msys2\home\andre\chaselibrary\x64\debug\chase.obj
d:\msys2\home\andre\chaselibrary\x64\debug\dllmain.obj
d:\msys2\home\andre\chaselibrary\x64\debug\enviorment.obj
d:\msys2\home\andre\chaselibrary\x64\debug\human.obj
d:\msys2\home\andre\chaselibrary\x64\debug\limb.obj
d:\msys2\home\andre\chaselibrary\x64\debug\modifiers.obj
d:\msys2\home\andre\chaselibrary\x64\debug\object.obj
d:\msys2\home\andre\chaselibrary\x64\debug\pch.obj
d:\msys2\home\andre\chaselibrary\x64\debug\threadmanager.obj
d:\msys2\home\andre\chaselibrary\x64\debug\chaselibrary.pdb
d:\msys2\home\andre\chaselibrary\x64\debug\chaselibrary.tlog\cl.command.1.tlog
d:\msys2\home\andre\chaselibrary\x64\debug\chaselibrary.tlog\cl.read.1.tlog
d:\msys2\home\andre\chaselibrary\x64\debug\chaselibrary.tlog\cl.write.1.tlog
d:\msys2\home\andre\chaselibrary\x64\debug\chaselibrary.tlog\link.command.1.tlog
d:\msys2\home\andre\chaselibrary\x64\debug\chaselibrary.tlog\link.read.1.tlog
d:\msys2\home\andre\chaselibrary\x64\debug\chaselibrary.tlog\link.read.2.tlog
d:\msys2\home\andre\chaselibrary\x64\debug\chaselibrary.tlog\link.write.1.tlog
