  chase.cpp
  dllmain.cpp
  enviorment.cpp
  human.cpp
  limb.cpp
  modifiers.cpp
  object.cpp
E:\Visual Studio\2022\Community\VC\Tools\MSVC\14.32.31326\include\tuple(158,47): warning C4244: 'initializing': conversion from '_Ty' to '_Ty', possible loss of data
          with
          [
              _Ty=int
          ]
          and
          [
              _Ty=float
          ]
E:\Visual Studio\2022\Community\VC\Tools\MSVC\14.32.31326\include\tuple(245): message : see reference to function template instantiation 'std::_Tuple_val<_This>::_Tuple_val<_Ty>(_Other &&)' being compiled
          with
          [
              _This=float,
              _Ty=int,
              _Other=int
          ]
E:\Visual Studio\2022\Community\VC\Tools\MSVC\14.32.31326\include\tuple(245): message : see reference to function template instantiation 'std::_Tuple_val<_This>::_Tuple_val<_Ty>(_Other &&)' being compiled
          with
          [
              _This=float,
              _Ty=int,
              _Other=int
          ]
E:\Visual Studio\2022\Community\VC\Tools\MSVC\14.32.31326\include\tuple(327): message : see reference to function template instantiation 'std::tuple<float,float,float>::tuple<std::_Exact_args_t,_Ty,_Ty,_Ty,0>(_Tag,_This2 &&,_Ty &&,_Ty &&)' being compiled
          with
          [
              _Ty=int,
              _Tag=std::_Exact_args_t,
              _This2=int
          ]
E:\Visual Studio\2022\Community\VC\Tools\MSVC\14.32.31326\include\tuple(327): message : see reference to function template instantiation 'std::tuple<float,float,float>::tuple<std::_Exact_args_t,_Ty,_Ty,_Ty,0>(_Tag,_This2 &&,_Ty &&,_Ty &&)' being compiled
          with
          [
              _Ty=int,
              _Tag=std::_Exact_args_t,
              _This2=int
          ]
D:\msys2\home\Andre\CHASELibrary\src\object.cpp(8): message : see reference to function template instantiation 'std::tuple<float,float,float>::tuple<int,int,int,0>(_This2 &&,int &&,int &&) noexcept' being compiled
          with
          [
              _This2=int
          ]
D:\msys2\home\Andre\CHASELibrary\src\object.cpp(8): message : see reference to function template instantiation 'std::tuple<float,float,float>::tuple<int,int,int,0>(_This2 &&,int &&,int &&) noexcept' being compiled
          with
          [
              _This2=int
          ]
  pch.cpp
  threadmanager.cpp
  CHASELibrary.vcxproj -> D:\msys2\home\Andre\CHASELibrary\x64\Debug\CHASELibrary.dll
